[debug] [2026-02-19T11:07:41.792Z] ----------------------------------------------------------------------
[debug] [2026-02-19T11:07:41.794Z] Command:       /Users/tusharkumar/.nvm/versions/node/v22.22.0/bin/node /Users/tusharkumar/.nvm/versions/node/v22.22.0/bin/firebase init
[debug] [2026-02-19T11:07:41.794Z] CLI Version:   15.6.0
[debug] [2026-02-19T11:07:41.794Z] Platform:      darwin
[debug] [2026-02-19T11:07:41.794Z] Node Version:  v22.22.0
[debug] [2026-02-19T11:07:41.794Z] Time:          Thu Feb 19 2026 16:37:41 GMT+0530 (India Standard Time)
[debug] [2026-02-19T11:07:41.794Z] ----------------------------------------------------------------------
[debug] 
[info] 
     ######## #### ########  ######## ########     ###     ######  ########
     ##        ##  ##     ## ##       ##     ##  ##   ##  ##       ##
     ######    ##  ########  ######   ########  #########  ######  ######
     ##        ##  ##    ##  ##       ##     ## ##     ##       ## ##
     ##       #### ##     ## ######## ########  ##     ##  ######  ########

You're about to initialize a Firebase project in this directory:

  /Users/tusharkumar/DEV/Portfolio/SG-Constructions

[info] 
=== Project Setup
[info] 
[info] First, let's associate this project directory with a Firebase project.
[info] You can create multiple project aliases by running firebase use --add, 
[info] 
[debug] [2026-02-19T11:08:32.169Z] > command requires scopes: ["email","openid","https://www.googleapis.com/auth/cloudplatformprojects.readonly","https://www.googleapis.com/auth/firebase","https://www.googleapis.com/auth/cloud-platform"]
[debug] [2026-02-19T11:08:32.169Z] > authorizing via signed-in user (official.tusharkumar@gmail.com)
[debug] [2026-02-19T11:08:32.171Z] Checked if tokens are valid: true, expires at: 1771502800744
[debug] [2026-02-19T11:08:32.171Z] Checked if tokens are valid: true, expires at: 1771502800744
[debug] [2026-02-19T11:08:32.172Z] >>> [apiv2][query] GET https://firebase.googleapis.com/v1beta1/projects pageSize=100
[debug] [2026-02-19T11:08:32.907Z] <<< [apiv2][status] GET https://firebase.googleapis.com/v1beta1/projects 200
[debug] [2026-02-19T11:08:32.907Z] <<< [apiv2][body] GET https://firebase.googleapis.com/v1beta1/projects [omitted]
[info] 
=== Hosting Setup
[debug] [2026-02-19T11:09:57.781Z] Checked if tokens are valid: true, expires at: 1771502800744
[debug] [2026-02-19T11:09:57.781Z] Checked if tokens are valid: true, expires at: 1771502800744
[debug] [2026-02-19T11:09:57.781Z] >>> [apiv2][query] GET https://firebase.googleapis.com/v1beta1/projects/sg-construction [none]
[debug] [2026-02-19T11:09:58.252Z] <<< [apiv2][status] GET https://firebase.googleapis.com/v1beta1/projects/sg-construction 200
[debug] [2026-02-19T11:09:58.252Z] <<< [apiv2][body] GET https://firebase.googleapis.com/v1beta1/projects/sg-construction {"projectId":"sg-construction","projectNumber":"601183001286","displayName":"SG-construction","name":"projects/sg-construction","resources":{"hostingSite":"sg-construction"},"state":"ACTIVE","etag":"1_44d6cc02-e87a-4dc9-b339-c3a97a478f5e"}
[info] 
[info] Your public directory is the folder (relative to your project directory) that
[info] will contain Hosting assets to be uploaded with firebase deploy. If you
[info] have a build process for your assets, use your build's output directory.
[info] 
[info] i  Skipping write of public/404.html 
[debug] [2026-02-19T11:10:17.045Z] >>> [apiv2][query] GET https://www.gstatic.com/firebasejs/releases.json [none]
[debug] [2026-02-19T11:10:17.170Z] <<< [apiv2][status] GET https://www.gstatic.com/firebasejs/releases.json 200
[debug] [2026-02-19T11:10:17.171Z] <<< [apiv2][body] GET https://www.gstatic.com/firebasejs/releases.json {"current":{"version":"12.9.0","browserURL":"https://www.gstatic.com/firebasejs/12.9.0/firebase.js","packageURL":"https://www.gstatic.com/firebasejs/12.9.0/firebase.tgz"},"live":{"version":"12.9","browserURL":"https://www.gstatic.com/firebasejs/live/12.9/firebase.js","packageURL":"https://www.gstatic.com/firebasejs/live/12.9/firebase.tgz"},"components":{"ai":"https://www.gstatic.com/firebasejs/12.9.0/firebase-ai.js","analytics":"https://www.gstatic.com/firebasejs/12.9.0/firebase-analytics.js","app":"https://www.gstatic.com/firebasejs/12.9.0/firebase-app.js","app-check":"https://www.gstatic.com/firebasejs/12.9.0/firebase-app-check.js","auth":"https://www.gstatic.com/firebasejs/12.9.0/firebase-auth.js","auth/cordova":"https://www.gstatic.com/firebasejs/12.9.0/firebase-auth/cordova.js","auth/web-extension":"https://www.gstatic.com/firebasejs/12.9.0/firebase-auth/web-extension.js","functions":"https://www.gstatic.com/firebasejs/12.9.0/firebase-functions.js","firestore":"https://www.gstatic.com/firebasejs/12.9.0/firebase-firestore.js","firestore/lite":"https://www.gstatic.com/firebasejs/12.9.0/firebase-firestore/lite.js","firestore/pipelines":"https://www.gstatic.com/firebasejs/12.9.0/firebase-firestore/pipelines.js","firestore/lite/pipelines":"https://www.gstatic.com/firebasejs/12.9.0/firebase-firestore/lite/pipelines.js","installations":"https://www.gstatic.com/firebasejs/12.9.0/firebase-installations.js","storage":"https://www.gstatic.com/firebasejs/12.9.0/firebase-storage.js","performance":"https://www.gstatic.com/firebasejs/12.9.0/firebase-performance.js","remote-config":"https://www.gstatic.com/firebasejs/12.9.0/firebase-remote-config.js","messaging":"https://www.gstatic.com/firebasejs/12.9.0/firebase-messaging.js","messaging/sw":"https://www.gstatic.com/firebasejs/12.9.0/firebase-messaging/sw.js","database":"https://www.gstatic.com/firebasejs/12.9.0/firebase-database.js","data-connect":"https://www.gstatic.com/firebasejs/12.9.0/firebase-data-connect.js","firestore.memory":"https://www.gstatic.com/firebasejs/12.9.0/firebase-firestore.memory.js"}}
[info] ✔  Wrote public/index.html 
[info] 
[info] ✔  Wrote configuration info to firebase.json 
[info] ✔  Wrote project information to .firebaserc 
[info] ✔  Wrote .gitignore 
[info] 
[info] ✔  Firebase initialization complete! 
